#! /usr/bin/vvp
:ivl_version "10.3 (stable)";
:ivl_delay_selection "TYPICAL";
:vpi_time_precision - 9;
:vpi_module "system";
:vpi_module "vhdl_sys";
:vpi_module "v2005_math";
:vpi_module "va_math";
S_0x5589baa47eb0 .scope module, "program" "program" 2 3;
 .timescale -8 -9;
S_0x5589baa486c0 .scope module, "bord" "board" 2 4, 3 10 0, S_0x5589baa47eb0;
 .timescale -8 -9;
L_0x5589baa806b0 .functor NOT 1, v0x5589baa7a790_0, C4<0>, C4<0>, C4<0>;
L_0x5589baa80810 .functor BUFZ 3, v0x5589baa764c0_0, C4<000>, C4<000>, C4<000>;
L_0x5589baa80880 .functor BUFZ 1, v0x5589baa739d0_0, C4<0>, C4<0>, C4<0>;
L_0x5589baa80b50 .functor BUFZ 1, v0x5589baa74090_0, C4<0>, C4<0>, C4<0>;
RS_0x7fc9f7dd60a8 .resolv tri, L_0x5589baa7ba90, L_0x5589baa7bc20, L_0x5589baa7bcc0, L_0x5589baa7f810, L_0x5589baa7f9c0, L_0x5589baa80410;
v0x5589baa79d40_0 .net8 "Bus", 7 0, RS_0x7fc9f7dd60a8;  6 drivers
v0x5589baa79f30_0 .net *"_s14", 3 0, L_0x5589baa80720;  1 drivers
v0x5589baa7a010_0 .net *"_s18", 2 0, L_0x5589baa80810;  1 drivers
v0x5589baa7a100_0 .net *"_s22", 0 0, L_0x5589baa80880;  1 drivers
v0x5589baa7a1e0_0 .net *"_s27", 0 0, L_0x5589baa80b50;  1 drivers
v0x5589baa7a2c0_0 .net "addrout", 3 0, v0x5589baa77750_0;  1 drivers
v0x5589baa7a3d0_0 .net "aoa", 0 0, L_0x5589baa813b0;  1 drivers
v0x5589baa7a4c0_0 .net "awa", 0 0, L_0x5589baa81310;  1 drivers
v0x5589baa7a5b0_0 .var "boa", 0 0;
v0x5589baa7a650_0 .net "bwa", 0 0, L_0x5589baa816d0;  1 drivers
v0x5589baa7a6f0_0 .net "cf", 0 0, v0x5589baa739d0_0;  1 drivers
v0x5589baa7a790_0 .var "clk", 0 0;
v0x5589baa7a940_0 .var "clr", 0 0;
v0x5589baa7a9e0_0 .net "cucountout", 2 0, v0x5589baa764c0_0;  1 drivers
v0x5589baa7aa80_0 .net "display", 7 0, L_0x5589baa80530;  1 drivers
v0x5589baa7ab20_0 .net "flagsin", 0 0, L_0x5589baa81b70;  1 drivers
L_0x7fc9f7d8d0f0 .functor BUFT 1, C4<0>, C4<0>, C4<0>, C4<0>;
RS_0x7fc9f7dd7e78 .resolv tri, L_0x5589baa80c90, L_0x7fc9f7d8d0f0;
v0x5589baa7ac10_0 .net8 "hlt", 0 0, RS_0x7fc9f7dd7e78;  2 drivers
v0x5589baa7adc0_0 .net "inregoa", 0 0, L_0x5589baa81100;  1 drivers
v0x5589baa7aeb0_0 .net "inregwa", 0 0, L_0x5589baa81230;  1 drivers
v0x5589baa7afa0_0 .net "instin", 8 0, L_0x5589baa80970;  1 drivers
v0x5589baa7b040_0 .net "marwa", 0 0, L_0x5589baa80d80;  1 drivers
v0x5589baa7b130_0 .net "outregwa", 0 0, L_0x5589baa81770;  1 drivers
v0x5589baa7b220_0 .net "pcinc", 0 0, L_0x5589baa81880;  1 drivers
v0x5589baa7b310_0 .net "pcjmp", 0 0, L_0x5589baa81ad0;  1 drivers
v0x5589baa7b400_0 .net "pcoe", 0 0, L_0x5589baa81920;  1 drivers
v0x5589baa7b4f0_0 .var "ramcs", 0 0;
v0x5589baa7b590_0 .net "ramoa", 0 0, L_0x5589baa80fa0;  1 drivers
v0x5589baa7b680_0 .net "ramwa", 0 0, L_0x5589baa80e70;  1 drivers
v0x5589baa7b770_0 .net "sub", 0 0, L_0x5589baa815d0;  1 drivers
v0x5589baa7b860_0 .net "sumout", 0 0, L_0x5589baa81530;  1 drivers
v0x5589baa7b950_0 .net "zf", 0 0, v0x5589baa74090_0;  1 drivers
E_0x5589ba9efd70 .event negedge, v0x5589baa45cc0_0;
L_0x5589baa7ba90 .part/pv L_0x5589baa7b9f0, 0, 4, 8;
L_0x5589baa7bb80 .part RS_0x7fc9f7dd60a8, 0, 4;
L_0x5589baa7f920 .part RS_0x7fc9f7dd60a8, 0, 4;
L_0x5589baa80410 .part/pv L_0x5589baa802c0, 0, 4, 8;
L_0x5589baa80970 .concat8 [ 1 1 3 4], L_0x5589baa80b50, L_0x5589baa80880, L_0x5589baa80810, L_0x5589baa80720;
S_0x5589baa49cc0 .scope module, "a" "gpr" 3 26, 4 9 0, S_0x5589baa486c0;
 .timescale -8 -9;
    .port_info 0 /OUTPUT 8 "data_out"
    .port_info 1 /INPUT 8 "data_in"
    .port_info 2 /INPUT 1 "clk"
    .port_info 3 /INPUT 1 "clr"
    .port_info 4 /INPUT 1 "wa"
    .port_info 5 /INPUT 1 "oa"
o0x7fc9f7dd6018 .functor BUFZ 8, C4<zzzzzzzz>; HiZ drive
; Elide local net with no drivers, v0x5589baa47d20_0 name=_s0
v0x5589baa45cc0_0 .net "clk", 0 0, v0x5589baa7a790_0;  1 drivers
v0x5589baa31eb0_0 .net "clr", 0 0, v0x5589baa7a940_0;  1 drivers
v0x5589baa30ea0_0 .net8 "data_in", 7 0, RS_0x7fc9f7dd60a8;  alias, 6 drivers
v0x5589baa2f680_0 .net8 "data_out", 7 0, RS_0x7fc9f7dd60a8;  alias, 6 drivers
v0x5589baa2f180_0 .net "oa", 0 0, L_0x5589baa813b0;  alias, 1 drivers
v0x5589baa6c7d0_0 .var "store", 7 0;
v0x5589baa6c8b0_0 .net "wa", 0 0, L_0x5589baa81310;  alias, 1 drivers
E_0x5589baa5e840 .event posedge, v0x5589baa45cc0_0;
L_0x5589baa7bc20 .functor MUXZ 8, o0x7fc9f7dd6018, v0x5589baa6c7d0_0, L_0x5589baa813b0, C4<>;
S_0x5589baa6ca30 .scope module, "alunit" "alu" 3 33, 5 12 0, S_0x5589baa486c0;
 .timescale -8 -9;
    .port_info 0 /OUTPUT 8 "out"
    .port_info 1 /OUTPUT 1 "carryflg"
    .port_info 2 /OUTPUT 1 "zeroflg"
    .port_info 3 /INPUT 8 "a"
    .port_info 4 /INPUT 8 "b"
    .port_info 5 /INPUT 1 "clk"
    .port_info 6 /INPUT 1 "sumout"
    .port_info 7 /INPUT 1 "sub"
    .port_info 8 /INPUT 1 "flagsin"
L_0x5589baa7f4b0 .functor NOT 8, v0x5589baa749a0_0, C4<00000000>, C4<00000000>, C4<00000000>;
v0x5589baa73410_0 .net *"_s0", 7 0, L_0x5589baa7f4b0;  1 drivers
o0x7fc9f7dd7938 .functor BUFZ 8, C4<zzzzzzzz>; HiZ drive
; Elide local net with no drivers, v0x5589baa73510_0 name=_s10
L_0x7fc9f7d8d018 .functor BUFT 1, C4<1>, C4<0>, C4<0>, C4<0>;
v0x5589baa735f0_0 .net/2u *"_s4", 0 0, L_0x7fc9f7d8d018;  1 drivers
L_0x7fc9f7d8d060 .functor BUFT 1, C4<0>, C4<0>, C4<0>, C4<0>;
v0x5589baa736b0_0 .net/2u *"_s6", 0 0, L_0x7fc9f7d8d060;  1 drivers
v0x5589baa73790_0 .net "a", 7 0, v0x5589baa6c7d0_0;  1 drivers
v0x5589baa738f0_0 .net "b", 7 0, v0x5589baa749a0_0;  1 drivers
v0x5589baa739d0_0 .var "carryflg", 0 0;
v0x5589baa73a90_0 .net "cf1", 0 0, L_0x5589baa7ecf0;  1 drivers
v0x5589baa73b30_0 .net "cin", 0 0, L_0x5589baa7f6e0;  1 drivers
v0x5589baa73bd0_0 .net "clk", 0 0, v0x5589baa7a790_0;  alias, 1 drivers
v0x5589baa73c70_0 .net "flagsin", 0 0, L_0x5589baa81b70;  alias, 1 drivers
v0x5589baa73d10_0 .net8 "out", 7 0, RS_0x7fc9f7dd60a8;  alias, 6 drivers
v0x5589baa73dd0_0 .net "sub", 0 0, L_0x5589baa815d0;  alias, 1 drivers
v0x5589baa73e90_0 .net "sum", 7 0, L_0x5589baa7f280;  1 drivers
v0x5589baa73f50_0 .net "suminb", 7 0, L_0x5589baa7f520;  1 drivers
v0x5589baa73ff0_0 .net "sumout", 0 0, L_0x5589baa81530;  alias, 1 drivers
v0x5589baa74090_0 .var "zeroflg", 0 0;
L_0x5589baa7f520 .functor MUXZ 8, v0x5589baa749a0_0, L_0x5589baa7f4b0, L_0x5589baa815d0, C4<>;
L_0x5589baa7f6e0 .functor MUXZ 1, L_0x7fc9f7d8d060, L_0x7fc9f7d8d018, L_0x5589baa815d0, C4<>;
L_0x5589baa7f810 .functor MUXZ 8, o0x7fc9f7dd7938, L_0x5589baa7f280, L_0x5589baa81530, C4<>;
S_0x5589baa6cd50 .scope module, "addr" "adder8b" 5 21, 6 48 0, S_0x5589baa6ca30;
 .timescale -8 -9;
    .port_info 0 /OUTPUT 8 "sum"
    .port_info 1 /OUTPUT 1 "cout"
    .port_info 2 /INPUT 8 "a"
    .port_info 3 /INPUT 8 "b"
    .port_info 4 /INPUT 1 "cin"
v0x5589baa72e90_0 .net "a", 7 0, v0x5589baa6c7d0_0;  alias, 1 drivers
v0x5589baa72f70_0 .net "b", 7 0, L_0x5589baa7f520;  alias, 1 drivers
v0x5589baa73030_0 .net "c0", 0 0, L_0x5589baa7d1e0;  1 drivers
v0x5589baa730d0_0 .net "cin", 0 0, L_0x5589baa7f6e0;  alias, 1 drivers
v0x5589baa73170_0 .net "cout", 0 0, L_0x5589baa7ecf0;  alias, 1 drivers
v0x5589baa732b0_0 .net "sum", 7 0, L_0x5589baa7f280;  alias, 1 drivers
L_0x5589baa7d730 .part v0x5589baa6c7d0_0, 0, 4;
L_0x5589baa7d860 .part L_0x5589baa7f520, 0, 4;
L_0x5589baa7f280 .concat8 [ 4 4 0 0], L_0x5589baa7d2a0, L_0x5589baa7edf0;
L_0x5589baa7f370 .part v0x5589baa6c7d0_0, 4, 4;
L_0x5589baa7f410 .part L_0x5589baa7f520, 4, 4;
S_0x5589baa6cfa0 .scope module, "ad0" "adder4b" 6 55, 6 28 0, S_0x5589baa6cd50;
 .timescale -8 -9;
    .port_info 0 /OUTPUT 4 "sum"
    .port_info 1 /OUTPUT 1 "cout"
    .port_info 2 /INPUT 4 "a"
    .port_info 3 /INPUT 4 "b"
    .port_info 4 /INPUT 1 "cin"
v0x5589baa6f7a0_0 .net "a", 3 0, L_0x5589baa7d730;  1 drivers
v0x5589baa6f8a0_0 .net "b", 3 0, L_0x5589baa7d860;  1 drivers
v0x5589baa6f980_0 .net "c0", 0 0, L_0x5589baa7c0e0;  1 drivers
v0x5589baa6fa70_0 .net "c1", 0 0, L_0x5589baa7c5f0;  1 drivers
v0x5589baa6fb60_0 .net "c2", 0 0, L_0x5589baa7cc30;  1 drivers
v0x5589baa6fca0_0 .net "cin", 0 0, L_0x5589baa7f6e0;  alias, 1 drivers
v0x5589baa6fd40_0 .net "cout", 0 0, L_0x5589baa7d1e0;  alias, 1 drivers
v0x5589baa6fde0_0 .net "sum", 3 0, L_0x5589baa7d2a0;  1 drivers
L_0x5589baa7c1a0 .part L_0x5589baa7d730, 0, 1;
L_0x5589baa7c240 .part L_0x5589baa7d860, 0, 1;
L_0x5589baa7c6b0 .part L_0x5589baa7d730, 1, 1;
L_0x5589baa7c7a0 .part L_0x5589baa7d860, 1, 1;
L_0x5589baa7ccf0 .part L_0x5589baa7d730, 2, 1;
L_0x5589baa7cd90 .part L_0x5589baa7d860, 2, 1;
L_0x5589baa7d2a0 .concat8 [ 1 1 1 1], L_0x5589baa7bf80, L_0x5589baa7c490, L_0x5589baa7ca40, L_0x5589baa7cff0;
L_0x5589baa7d480 .part L_0x5589baa7d730, 3, 1;
L_0x5589baa7d600 .part L_0x5589baa7d860, 3, 1;
S_0x5589baa6d210 .scope module, "ad0" "adder1b" 6 35, 6 7 0, S_0x5589baa6cfa0;
 .timescale -8 -9;
    .port_info 0 /OUTPUT 1 "sum"
    .port_info 1 /OUTPUT 1 "cout"
    .port_info 2 /INPUT 1 "a"
    .port_info 3 /INPUT 1 "b"
    .port_info 4 /INPUT 1 "cin"
L_0x5589baa7be00 .functor XOR 1, L_0x5589baa7c1a0, L_0x5589baa7c240, C4<0>, C4<0>;
L_0x5589baa7be70 .functor AND 1, L_0x5589baa7c1a0, L_0x5589baa7c240, C4<1>, C4<1>;
L_0x5589baa7bf80 .functor XOR 1, L_0x5589baa7be00, L_0x5589baa7f6e0, C4<0>, C4<0>;
L_0x5589baa7c040 .functor AND 1, L_0x5589baa7be00, L_0x5589baa7f6e0, C4<1>, C4<1>;
L_0x5589baa7c0e0 .functor OR 1, L_0x5589baa7be70, L_0x5589baa7c040, C4<0>, C4<0>;
v0x5589baa6d480_0 .net "a", 0 0, L_0x5589baa7c1a0;  1 drivers
v0x5589baa6d560_0 .net "b", 0 0, L_0x5589baa7c240;  1 drivers
v0x5589baa6d620_0 .net "c", 0 0, L_0x5589baa7be00;  1 drivers
v0x5589baa6d6c0_0 .net "cin", 0 0, L_0x5589baa7f6e0;  alias, 1 drivers
v0x5589baa6d780_0 .net "cout", 0 0, L_0x5589baa7c0e0;  alias, 1 drivers
v0x5589baa6d890_0 .net "d", 0 0, L_0x5589baa7be70;  1 drivers
v0x5589baa6d950_0 .net "e", 0 0, L_0x5589baa7c040;  1 drivers
v0x5589baa6da10_0 .net "sum", 0 0, L_0x5589baa7bf80;  1 drivers
S_0x5589baa6db70 .scope module, "ad1" "adder1b" 6 36, 6 7 0, S_0x5589baa6cfa0;
 .timescale -8 -9;
    .port_info 0 /OUTPUT 1 "sum"
    .port_info 1 /OUTPUT 1 "cout"
    .port_info 2 /INPUT 1 "a"
    .port_info 3 /INPUT 1 "b"
    .port_info 4 /INPUT 1 "cin"
L_0x5589baa7c2e0 .functor XOR 1, L_0x5589baa7c6b0, L_0x5589baa7c7a0, C4<0>, C4<0>;
L_0x5589baa7c350 .functor AND 1, L_0x5589baa7c6b0, L_0x5589baa7c7a0, C4<1>, C4<1>;
L_0x5589baa7c490 .functor XOR 1, L_0x5589baa7c2e0, L_0x5589baa7c0e0, C4<0>, C4<0>;
L_0x5589baa7c550 .functor AND 1, L_0x5589baa7c2e0, L_0x5589baa7c0e0, C4<1>, C4<1>;
L_0x5589baa7c5f0 .functor OR 1, L_0x5589baa7c350, L_0x5589baa7c550, C4<0>, C4<0>;
v0x5589baa6dde0_0 .net "a", 0 0, L_0x5589baa7c6b0;  1 drivers
v0x5589baa6dea0_0 .net "b", 0 0, L_0x5589baa7c7a0;  1 drivers
v0x5589baa6df60_0 .net "c", 0 0, L_0x5589baa7c2e0;  1 drivers
v0x5589baa6e030_0 .net "cin", 0 0, L_0x5589baa7c0e0;  alias, 1 drivers
v0x5589baa6e100_0 .net "cout", 0 0, L_0x5589baa7c5f0;  alias, 1 drivers
v0x5589baa6e1f0_0 .net "d", 0 0, L_0x5589baa7c350;  1 drivers
v0x5589baa6e2b0_0 .net "e", 0 0, L_0x5589baa7c550;  1 drivers
v0x5589baa6e370_0 .net "sum", 0 0, L_0x5589baa7c490;  1 drivers
S_0x5589baa6e4d0 .scope module, "ad2" "adder1b" 6 37, 6 7 0, S_0x5589baa6cfa0;
 .timescale -8 -9;
    .port_info 0 /OUTPUT 1 "sum"
    .port_info 1 /OUTPUT 1 "cout"
    .port_info 2 /INPUT 1 "a"
    .port_info 3 /INPUT 1 "b"
    .port_info 4 /INPUT 1 "cin"
L_0x5589baa7c8c0 .functor XOR 1, L_0x5589baa7ccf0, L_0x5589baa7cd90, C4<0>, C4<0>;
L_0x5589baa7c930 .functor AND 1, L_0x5589baa7ccf0, L_0x5589baa7cd90, C4<1>, C4<1>;
L_0x5589baa7ca40 .functor XOR 1, L_0x5589baa7c8c0, L_0x5589baa7c5f0, C4<0>, C4<0>;
L_0x5589baa7cb90 .functor AND 1, L_0x5589baa7c8c0, L_0x5589baa7c5f0, C4<1>, C4<1>;
L_0x5589baa7cc30 .functor OR 1, L_0x5589baa7c930, L_0x5589baa7cb90, C4<0>, C4<0>;
v0x5589baa6e750_0 .net "a", 0 0, L_0x5589baa7ccf0;  1 drivers
v0x5589baa6e810_0 .net "b", 0 0, L_0x5589baa7cd90;  1 drivers
v0x5589baa6e8d0_0 .net "c", 0 0, L_0x5589baa7c8c0;  1 drivers
v0x5589baa6e9a0_0 .net "cin", 0 0, L_0x5589baa7c5f0;  alias, 1 drivers
v0x5589baa6ea70_0 .net "cout", 0 0, L_0x5589baa7cc30;  alias, 1 drivers
v0x5589baa6eb60_0 .net "d", 0 0, L_0x5589baa7c930;  1 drivers
v0x5589baa6ec20_0 .net "e", 0 0, L_0x5589baa7cb90;  1 drivers
v0x5589baa6ece0_0 .net "sum", 0 0, L_0x5589baa7ca40;  1 drivers
S_0x5589baa6ee40 .scope module, "ad3" "adder1b" 6 38, 6 7 0, S_0x5589baa6cfa0;
 .timescale -8 -9;
    .port_info 0 /OUTPUT 1 "sum"
    .port_info 1 /OUTPUT 1 "cout"
    .port_info 2 /INPUT 1 "a"
    .port_info 3 /INPUT 1 "b"
    .port_info 4 /INPUT 1 "cin"
L_0x5589baa7ce70 .functor XOR 1, L_0x5589baa7d480, L_0x5589baa7d600, C4<0>, C4<0>;
L_0x5589baa7cee0 .functor AND 1, L_0x5589baa7d480, L_0x5589baa7d600, C4<1>, C4<1>;
L_0x5589baa7cff0 .functor XOR 1, L_0x5589baa7ce70, L_0x5589baa7cc30, C4<0>, C4<0>;
L_0x5589baa7d140 .functor AND 1, L_0x5589baa7ce70, L_0x5589baa7cc30, C4<1>, C4<1>;
L_0x5589baa7d1e0 .functor OR 1, L_0x5589baa7cee0, L_0x5589baa7d140, C4<0>, C4<0>;
v0x5589baa6f090_0 .net "a", 0 0, L_0x5589baa7d480;  1 drivers
v0x5589baa6f170_0 .net "b", 0 0, L_0x5589baa7d600;  1 drivers
v0x5589baa6f230_0 .net "c", 0 0, L_0x5589baa7ce70;  1 drivers
v0x5589baa6f300_0 .net "cin", 0 0, L_0x5589baa7cc30;  alias, 1 drivers
v0x5589baa6f3d0_0 .net "cout", 0 0, L_0x5589baa7d1e0;  alias, 1 drivers
v0x5589baa6f4c0_0 .net "d", 0 0, L_0x5589baa7cee0;  1 drivers
v0x5589baa6f580_0 .net "e", 0 0, L_0x5589baa7d140;  1 drivers
v0x5589baa6f640_0 .net "sum", 0 0, L_0x5589baa7cff0;  1 drivers
S_0x5589baa6ff00 .scope module, "ad1" "adder4b" 6 56, 6 28 0, S_0x5589baa6cd50;
 .timescale -8 -9;
    .port_info 0 /OUTPUT 4 "sum"
    .port_info 1 /OUTPUT 1 "cout"
    .port_info 2 /INPUT 4 "a"
    .port_info 3 /INPUT 4 "b"
    .port_info 4 /INPUT 1 "cin"
v0x5589baa72710_0 .net "a", 3 0, L_0x5589baa7f370;  1 drivers
v0x5589baa72810_0 .net "b", 3 0, L_0x5589baa7f410;  1 drivers
v0x5589baa728f0_0 .net "c0", 0 0, L_0x5589baa7db40;  1 drivers
v0x5589baa729e0_0 .net "c1", 0 0, L_0x5589baa7e100;  1 drivers
v0x5589baa72ad0_0 .net "c2", 0 0, L_0x5589baa7e740;  1 drivers
v0x5589baa72c10_0 .net "cin", 0 0, L_0x5589baa7d1e0;  alias, 1 drivers
v0x5589baa72cb0_0 .net "cout", 0 0, L_0x5589baa7ecf0;  alias, 1 drivers
v0x5589baa72d50_0 .net "sum", 3 0, L_0x5589baa7edf0;  1 drivers
L_0x5589baa7dc50 .part L_0x5589baa7f370, 0, 1;
L_0x5589baa7dcf0 .part L_0x5589baa7f410, 0, 1;
L_0x5589baa7e1c0 .part L_0x5589baa7f370, 1, 1;
L_0x5589baa7e2b0 .part L_0x5589baa7f410, 1, 1;
L_0x5589baa7e800 .part L_0x5589baa7f370, 2, 1;
L_0x5589baa7e8a0 .part L_0x5589baa7f410, 2, 1;
L_0x5589baa7edf0 .concat8 [ 1 1 1 1], L_0x5589baa7d9e0, L_0x5589baa7df10, L_0x5589baa7e550, L_0x5589baa7eb00;
L_0x5589baa7efd0 .part L_0x5589baa7f370, 3, 1;
L_0x5589baa7f150 .part L_0x5589baa7f410, 3, 1;
S_0x5589baa70170 .scope module, "ad0" "adder1b" 6 35, 6 7 0, S_0x5589baa6ff00;
 .timescale -8 -9;
    .port_info 0 /OUTPUT 1 "sum"
    .port_info 1 /OUTPUT 1 "cout"
    .port_info 2 /INPUT 1 "a"
    .port_info 3 /INPUT 1 "b"
    .port_info 4 /INPUT 1 "cin"
L_0x5589baa7d900 .functor XOR 1, L_0x5589baa7dc50, L_0x5589baa7dcf0, C4<0>, C4<0>;
L_0x5589baa7d970 .functor AND 1, L_0x5589baa7dc50, L_0x5589baa7dcf0, C4<1>, C4<1>;
L_0x5589baa7d9e0 .functor XOR 1, L_0x5589baa7d900, L_0x5589baa7d1e0, C4<0>, C4<0>;
L_0x5589baa7daa0 .functor AND 1, L_0x5589baa7d900, L_0x5589baa7d1e0, C4<1>, C4<1>;
L_0x5589baa7db40 .functor OR 1, L_0x5589baa7d970, L_0x5589baa7daa0, C4<0>, C4<0>;
v0x5589baa703c0_0 .net "a", 0 0, L_0x5589baa7dc50;  1 drivers
v0x5589baa704a0_0 .net "b", 0 0, L_0x5589baa7dcf0;  1 drivers
v0x5589baa70560_0 .net "c", 0 0, L_0x5589baa7d900;  1 drivers
v0x5589baa70630_0 .net "cin", 0 0, L_0x5589baa7d1e0;  alias, 1 drivers
v0x5589baa70720_0 .net "cout", 0 0, L_0x5589baa7db40;  alias, 1 drivers
v0x5589baa70830_0 .net "d", 0 0, L_0x5589baa7d970;  1 drivers
v0x5589baa708f0_0 .net "e", 0 0, L_0x5589baa7daa0;  1 drivers
v0x5589baa709b0_0 .net "sum", 0 0, L_0x5589baa7d9e0;  1 drivers
S_0x5589baa70b10 .scope module, "ad1" "adder1b" 6 36, 6 7 0, S_0x5589baa6ff00;
 .timescale -8 -9;
    .port_info 0 /OUTPUT 1 "sum"
    .port_info 1 /OUTPUT 1 "cout"
    .port_info 2 /INPUT 1 "a"
    .port_info 3 /INPUT 1 "b"
    .port_info 4 /INPUT 1 "cin"
L_0x5589baa7dd90 .functor XOR 1, L_0x5589baa7e1c0, L_0x5589baa7e2b0, C4<0>, C4<0>;
L_0x5589baa7de00 .functor AND 1, L_0x5589baa7e1c0, L_0x5589baa7e2b0, C4<1>, C4<1>;
L_0x5589baa7df10 .functor XOR 1, L_0x5589baa7dd90, L_0x5589baa7db40, C4<0>, C4<0>;
L_0x5589baa7e060 .functor AND 1, L_0x5589baa7dd90, L_0x5589baa7db40, C4<1>, C4<1>;
L_0x5589baa7e100 .functor OR 1, L_0x5589baa7de00, L_0x5589baa7e060, C4<0>, C4<0>;
v0x5589baa70d80_0 .net "a", 0 0, L_0x5589baa7e1c0;  1 drivers
v0x5589baa70e40_0 .net "b", 0 0, L_0x5589baa7e2b0;  1 drivers
v0x5589baa70f00_0 .net "c", 0 0, L_0x5589baa7dd90;  1 drivers
v0x5589baa70fa0_0 .net "cin", 0 0, L_0x5589baa7db40;  alias, 1 drivers
v0x5589baa71070_0 .net "cout", 0 0, L_0x5589baa7e100;  alias, 1 drivers
v0x5589baa71160_0 .net "d", 0 0, L_0x5589baa7de00;  1 drivers
v0x5589baa71220_0 .net "e", 0 0, L_0x5589baa7e060;  1 drivers
v0x5589baa712e0_0 .net "sum", 0 0, L_0x5589baa7df10;  1 drivers
S_0x5589baa71440 .scope module, "ad2" "adder1b" 6 37, 6 7 0, S_0x5589baa6ff00;
 .timescale -8 -9;
    .port_info 0 /OUTPUT 1 "sum"
    .port_info 1 /OUTPUT 1 "cout"
    .port_info 2 /INPUT 1 "a"
    .port_info 3 /INPUT 1 "b"
    .port_info 4 /INPUT 1 "cin"
L_0x5589baa7e3d0 .functor XOR 1, L_0x5589baa7e800, L_0x5589baa7e8a0, C4<0>, C4<0>;
L_0x5589baa7e440 .functor AND 1, L_0x5589baa7e800, L_0x5589baa7e8a0, C4<1>, C4<1>;
L_0x5589baa7e550 .functor XOR 1, L_0x5589baa7e3d0, L_0x5589baa7e100, C4<0>, C4<0>;
L_0x5589baa7e6a0 .functor AND 1, L_0x5589baa7e3d0, L_0x5589baa7e100, C4<1>, C4<1>;
L_0x5589baa7e740 .functor OR 1, L_0x5589baa7e440, L_0x5589baa7e6a0, C4<0>, C4<0>;
v0x5589baa716c0_0 .net "a", 0 0, L_0x5589baa7e800;  1 drivers
v0x5589baa71780_0 .net "b", 0 0, L_0x5589baa7e8a0;  1 drivers
v0x5589baa71840_0 .net "c", 0 0, L_0x5589baa7e3d0;  1 drivers
v0x5589baa71910_0 .net "cin", 0 0, L_0x5589baa7e100;  alias, 1 drivers
v0x5589baa719e0_0 .net "cout", 0 0, L_0x5589baa7e740;  alias, 1 drivers
v0x5589baa71ad0_0 .net "d", 0 0, L_0x5589baa7e440;  1 drivers
v0x5589baa71b90_0 .net "e", 0 0, L_0x5589baa7e6a0;  1 drivers
v0x5589baa71c50_0 .net "sum", 0 0, L_0x5589baa7e550;  1 drivers
S_0x5589baa71db0 .scope module, "ad3" "adder1b" 6 38, 6 7 0, S_0x5589baa6ff00;
 .timescale -8 -9;
    .port_info 0 /OUTPUT 1 "sum"
    .port_info 1 /OUTPUT 1 "cout"
    .port_info 2 /INPUT 1 "a"
    .port_info 3 /INPUT 1 "b"
    .port_info 4 /INPUT 1 "cin"
L_0x5589baa7e980 .functor XOR 1, L_0x5589baa7efd0, L_0x5589baa7f150, C4<0>, C4<0>;
L_0x5589baa7e9f0 .functor AND 1, L_0x5589baa7efd0, L_0x5589baa7f150, C4<1>, C4<1>;
L_0x5589baa7eb00 .functor XOR 1, L_0x5589baa7e980, L_0x5589baa7e740, C4<0>, C4<0>;
L_0x5589baa7ec50 .functor AND 1, L_0x5589baa7e980, L_0x5589baa7e740, C4<1>, C4<1>;
L_0x5589baa7ecf0 .functor OR 1, L_0x5589baa7e9f0, L_0x5589baa7ec50, C4<0>, C4<0>;
v0x5589baa72000_0 .net "a", 0 0, L_0x5589baa7efd0;  1 drivers
v0x5589baa720e0_0 .net "b", 0 0, L_0x5589baa7f150;  1 drivers
v0x5589baa721a0_0 .net "c", 0 0, L_0x5589baa7e980;  1 drivers
v0x5589baa72270_0 .net "cin", 0 0, L_0x5589baa7e740;  alias, 1 drivers
v0x5589baa72340_0 .net "cout", 0 0, L_0x5589baa7ecf0;  alias, 1 drivers
v0x5589baa72430_0 .net "d", 0 0, L_0x5589baa7e9f0;  1 drivers
v0x5589baa724f0_0 .net "e", 0 0, L_0x5589baa7ec50;  1 drivers
v0x5589baa725b0_0 .net "sum", 0 0, L_0x5589baa7eb00;  1 drivers
S_0x5589baa742c0 .scope module, "b" "gpr" 3 29, 4 9 0, S_0x5589baa486c0;
 .timescale -8 -9;
    .port_info 0 /OUTPUT 8 "data_out"
    .port_info 1 /INPUT 8 "data_in"
    .port_info 2 /INPUT 1 "clk"
    .port_info 3 /INPUT 1 "clr"
    .port_info 4 /INPUT 1 "wa"
    .port_info 5 /INPUT 1 "oa"
o0x7fc9f7dd7c98 .functor BUFZ 8, C4<zzzzzzzz>; HiZ drive
; Elide local net with no drivers, v0x5589baa744e0_0 name=_s0
v0x5589baa745c0_0 .net "clk", 0 0, v0x5589baa7a790_0;  alias, 1 drivers
v0x5589baa746d0_0 .net "clr", 0 0, v0x5589baa7a940_0;  alias, 1 drivers
v0x5589baa74770_0 .net8 "data_in", 7 0, RS_0x7fc9f7dd60a8;  alias, 6 drivers
v0x5589baa74810_0 .net8 "data_out", 7 0, RS_0x7fc9f7dd60a8;  alias, 6 drivers
v0x5589baa74900_0 .net "oa", 0 0, v0x5589baa7a5b0_0;  1 drivers
v0x5589baa749a0_0 .var "store", 7 0;
v0x5589baa74a60_0 .net "wa", 0 0, L_0x5589baa816d0;  alias, 1 drivers
L_0x5589baa7bcc0 .functor MUXZ 8, o0x7fc9f7dd7c98, v0x5589baa749a0_0, v0x5589baa7a5b0_0, C4<>;
S_0x5589baa74bc0 .scope module, "ctrlunit" "controlunit" 3 54, 7 9 0, S_0x5589baa486c0;
 .timescale -8 -9;
    .port_info 0 /INPUT 9 "instin"
    .port_info 1 /OUTPUT 1 "hlt"
    .port_info 2 /OUTPUT 1 "marwa"
    .port_info 3 /OUTPUT 1 "ramwa"
    .port_info 4 /OUTPUT 1 "ramoa"
    .port_info 5 /OUTPUT 1 "inregoa"
    .port_info 6 /OUTPUT 1 "inregwa"
    .port_info 7 /OUTPUT 1 "awa"
    .port_info 8 /OUTPUT 1 "aoa"
    .port_info 9 /OUTPUT 1 "sumout"
    .port_info 10 /OUTPUT 1 "sub"
    .port_info 11 /OUTPUT 1 "bwa"
    .port_info 12 /OUTPUT 1 "outregwa"
    .port_info 13 /OUTPUT 1 "pcinc"
    .port_info 14 /OUTPUT 1 "pcoe"
    .port_info 15 /OUTPUT 1 "pcjmp"
    .port_info 16 /OUTPUT 1 "flagsin"
v0x5589baa74f20_0 .net "aoa", 0 0, L_0x5589baa813b0;  alias, 1 drivers
v0x5589baa74fe0_0 .net "awa", 0 0, L_0x5589baa81310;  alias, 1 drivers
v0x5589baa750b0_0 .net "bwa", 0 0, L_0x5589baa816d0;  alias, 1 drivers
v0x5589baa751b0_0 .var "controlword", 15 0;
v0x5589baa75250_0 .net "flagsin", 0 0, L_0x5589baa81b70;  alias, 1 drivers
v0x5589baa75340_0 .net8 "hlt", 0 0, RS_0x7fc9f7dd7e78;  alias, 2 drivers
v0x5589baa753e0_0 .net "inregoa", 0 0, L_0x5589baa81100;  alias, 1 drivers
v0x5589baa75480_0 .net "inregwa", 0 0, L_0x5589baa81230;  alias, 1 drivers
v0x5589baa75520_0 .net "instin", 8 0, L_0x5589baa80970;  alias, 1 drivers
v0x5589baa75690_0 .net "marwa", 0 0, L_0x5589baa80d80;  alias, 1 drivers
v0x5589baa75750_0 .net "outregwa", 0 0, L_0x5589baa81770;  alias, 1 drivers
v0x5589baa75810_0 .net "pcinc", 0 0, L_0x5589baa81880;  alias, 1 drivers
v0x5589baa758d0_0 .net "pcjmp", 0 0, L_0x5589baa81ad0;  alias, 1 drivers
v0x5589baa75990_0 .net "pcoe", 0 0, L_0x5589baa81920;  alias, 1 drivers
v0x5589baa75a50_0 .net "ramoa", 0 0, L_0x5589baa80fa0;  alias, 1 drivers
v0x5589baa75b10_0 .net "ramwa", 0 0, L_0x5589baa80e70;  alias, 1 drivers
v0x5589baa75bd0_0 .net "sub", 0 0, L_0x5589baa815d0;  alias, 1 drivers
v0x5589baa75ca0_0 .net "sumout", 0 0, L_0x5589baa81530;  alias, 1 drivers
E_0x5589ba9ef160 .event edge, v0x5589baa75520_0;
L_0x5589baa80c90 .part v0x5589baa751b0_0, 15, 1;
L_0x5589baa80d80 .part v0x5589baa751b0_0, 14, 1;
L_0x5589baa80e70 .part v0x5589baa751b0_0, 13, 1;
L_0x5589baa80fa0 .part v0x5589baa751b0_0, 12, 1;
L_0x5589baa81100 .part v0x5589baa751b0_0, 11, 1;
L_0x5589baa81230 .part v0x5589baa751b0_0, 10, 1;
L_0x5589baa81310 .part v0x5589baa751b0_0, 9, 1;
L_0x5589baa813b0 .part v0x5589baa751b0_0, 8, 1;
L_0x5589baa81530 .part v0x5589baa751b0_0, 7, 1;
L_0x5589baa815d0 .part v0x5589baa751b0_0, 6, 1;
L_0x5589baa816d0 .part v0x5589baa751b0_0, 5, 1;
L_0x5589baa81770 .part v0x5589baa751b0_0, 4, 1;
L_0x5589baa81880 .part v0x5589baa751b0_0, 3, 1;
L_0x5589baa81920 .part v0x5589baa751b0_0, 2, 1;
L_0x5589baa81ad0 .part v0x5589baa751b0_0, 1, 1;
L_0x5589baa81b70 .part v0x5589baa751b0_0, 0, 1;
S_0x5589baa75f50 .scope module, "cucounter" "counter3b" 3 48, 7 105 0, S_0x5589baa486c0;
 .timescale -8 -9;
    .port_info 0 /OUTPUT 3 "out"
    .port_info 1 /INPUT 1 "clk"
    .port_info 2 /INPUT 1 "clr"
v0x5589baa76230_0 .net "clk", 0 0, L_0x5589baa806b0;  1 drivers
v0x5589baa76310_0 .net "clr", 0 0, v0x5589baa7a940_0;  alias, 1 drivers
v0x5589baa76420_0 .net "out", 2 0, v0x5589baa764c0_0;  alias, 1 drivers
v0x5589baa764c0_0 .var "store", 2 0;
E_0x5589baa5e8f0 .event edge, v0x5589baa764c0_0;
E_0x5589baa761d0 .event posedge, v0x5589baa76230_0;
S_0x5589baa76620 .scope module, "instructionreg" "instreg" 3 42, 8 9 0, S_0x5589baa486c0;
 .timescale -8 -9;
    .port_info 0 /INPUT 8 "busin"
    .port_info 1 /INPUT 1 "clk"
    .port_info 2 /INPUT 1 "clr"
    .port_info 3 /INPUT 1 "wa"
    .port_info 4 /INPUT 1 "oa"
    .port_info 5 /OUTPUT 4 "addrout"
v0x5589baa768d0_0 .net *"_s1", 3 0, L_0x5589baa80220;  1 drivers
o0x7fc9f7dd8508 .functor BUFZ 4, C4<zzzz>; HiZ drive
; Elide local net with no drivers, v0x5589baa769b0_0 name=_s2
v0x5589baa76a90_0 .net "addrout", 3 0, L_0x5589baa802c0;  1 drivers
v0x5589baa76b50_0 .net8 "busin", 7 0, RS_0x7fc9f7dd60a8;  alias, 6 drivers
v0x5589baa76c10_0 .net "clk", 0 0, v0x5589baa7a790_0;  alias, 1 drivers
v0x5589baa76d00_0 .net "clr", 0 0, v0x5589baa7a940_0;  alias, 1 drivers
v0x5589baa76da0_0 .net "oa", 0 0, L_0x5589baa81100;  alias, 1 drivers
v0x5589baa76e40_0 .var "store", 7 0;
v0x5589baa76f00_0 .net "wa", 0 0, L_0x5589baa81230;  alias, 1 drivers
L_0x5589baa80220 .part v0x5589baa76e40_0, 0, 4;
L_0x5589baa802c0 .functor MUXZ 4, o0x7fc9f7dd8508, L_0x5589baa80220, L_0x5589baa81100, C4<>;
L_0x5589baa80720 .part v0x5589baa76e40_0, 4, 4;
S_0x5589baa770b0 .scope module, "mar" "memaddreg" 3 36, 9 8 0, S_0x5589baa486c0;
 .timescale -8 -9;
    .port_info 0 /INPUT 4 "busin"
    .port_info 1 /INPUT 1 "clk"
    .port_info 2 /INPUT 1 "clr"
    .port_info 3 /INPUT 1 "wa"
    .port_info 4 /OUTPUT 4 "addrout"
v0x5589baa772e0_0 .net "addrout", 3 0, v0x5589baa77750_0;  alias, 1 drivers
v0x5589baa773e0_0 .net "busin", 3 0, L_0x5589baa7f920;  1 drivers
v0x5589baa774c0_0 .net "clk", 0 0, v0x5589baa7a790_0;  alias, 1 drivers
v0x5589baa77620_0 .net "clr", 0 0, v0x5589baa7a940_0;  alias, 1 drivers
v0x5589baa77750_0 .var "store", 3 0;
v0x5589baa77810_0 .net "wa", 0 0, L_0x5589baa80d80;  alias, 1 drivers
S_0x5589baa77960 .scope module, "out" "outputreg" 3 45, 10 9 0, S_0x5589baa486c0;
 .timescale -8 -9;
    .port_info 0 /INPUT 8 "busin"
    .port_info 1 /INPUT 1 "clk"
    .port_info 2 /INPUT 1 "clr"
    .port_info 3 /INPUT 1 "wa"
    .port_info 4 /OUTPUT 8 "display"
L_0x5589baa80530 .functor BUFZ 8, v0x5589baa77e70_0, C4<00000000>, C4<00000000>, C4<00000000>;
v0x5589baa77b60_0 .net8 "busin", 7 0, RS_0x7fc9f7dd60a8;  alias, 6 drivers
v0x5589baa77c40_0 .net "clk", 0 0, v0x5589baa7a790_0;  alias, 1 drivers
v0x5589baa77d00_0 .net "clr", 0 0, v0x5589baa7a940_0;  alias, 1 drivers
v0x5589baa77dd0_0 .net "display", 7 0, L_0x5589baa80530;  alias, 1 drivers
v0x5589baa77e70_0 .var "store", 7 0;
v0x5589baa77fa0_0 .net "wa", 0 0, L_0x5589baa81770;  alias, 1 drivers
S_0x5589baa780f0 .scope module, "pc" "counter" 3 24, 11 12 0, S_0x5589baa486c0;
 .timescale -8 -9;
    .port_info 0 /OUTPUT 4 "out"
    .port_info 1 /INPUT 4 "in"
    .port_info 2 /INPUT 1 "clk"
    .port_info 3 /INPUT 1 "clr"
    .port_info 4 /INPUT 1 "oe"
    .port_info 5 /INPUT 1 "jmp"
    .port_info 6 /INPUT 1 "inc"
o0x7fc9f7dd8988 .functor BUFZ 4, C4<zzzz>; HiZ drive
; Elide local net with no drivers, v0x5589baa78400_0 name=_s0
v0x5589baa78500_0 .net "clk", 0 0, v0x5589baa7a790_0;  alias, 1 drivers
v0x5589baa785c0_0 .net "clr", 0 0, v0x5589baa7a940_0;  alias, 1 drivers
v0x5589baa78660_0 .net "in", 3 0, L_0x5589baa7bb80;  1 drivers
v0x5589baa78700_0 .net "inc", 0 0, L_0x5589baa81880;  alias, 1 drivers
v0x5589baa787a0_0 .net "jmp", 0 0, L_0x5589baa81ad0;  alias, 1 drivers
v0x5589baa78870_0 .net "oe", 0 0, L_0x5589baa81920;  alias, 1 drivers
v0x5589baa78940_0 .net "out", 3 0, L_0x5589baa7b9f0;  1 drivers
v0x5589baa789e0_0 .var "store", 3 0;
L_0x5589baa7b9f0 .functor MUXZ 4, o0x7fc9f7dd8988, v0x5589baa789e0_0, L_0x5589baa81920, C4<>;
S_0x5589baa78c50 .scope module, "rm" "ram" 3 39, 12 9 0, S_0x5589baa486c0;
 .timescale -8 -9;
    .port_info 0 /INOUT 8 "bus"
    .port_info 1 /INPUT 4 "addr"
    .port_info 2 /INPUT 1 "clk"
    .port_info 3 /INPUT 1 "oa"
    .port_info 4 /INPUT 1 "wa"
    .port_info 5 /INPUT 1 "cs"
L_0x5589baa7fd10 .functor AND 1, v0x5589baa7b4f0_0, L_0x5589baa80fa0, C4<1>, C4<1>;
o0x7fc9f7dd8b98 .functor BUFZ 8, C4<zzzzzzzz>; HiZ drive
; Elide local net with no drivers, v0x5589baa78e70_0 name=_s0
v0x5589baa78f70_0 .net *"_s10", 7 0, L_0x5589baa7fe60;  1 drivers
v0x5589baa79050_0 .net *"_s12", 5 0, L_0x5589baa7ff30;  1 drivers
L_0x7fc9f7d8d0a8 .functor BUFT 1, C4<00>, C4<0>, C4<0>, C4<0>;
v0x5589baa79140_0 .net *"_s15", 1 0, L_0x7fc9f7d8d0a8;  1 drivers
o0x7fc9f7dd8c58 .functor BUFZ 8, C4<zzzzzzzz>; HiZ drive
; Elide local net with no drivers, v0x5589baa79220_0 name=_s16
o0x7fc9f7dd8c88 .functor BUFZ 8, C4<zzzzzzzz>; HiZ drive
; Elide local net with no drivers, v0x5589baa79350_0 name=_s4
v0x5589baa79430_0 .net *"_s8", 0 0, L_0x5589baa7fd10;  1 drivers
v0x5589baa79510_0 .net "addr", 3 0, v0x5589baa77750_0;  alias, 1 drivers
v0x5589baa795d0_0 .net8 "bus", 7 0, RS_0x7fc9f7dd60a8;  alias, 6 drivers
v0x5589baa79700_0 .net "clk", 0 0, v0x5589baa7a790_0;  alias, 1 drivers
v0x5589baa797a0_0 .net "cs", 0 0, v0x5589baa7b4f0_0;  1 drivers
v0x5589baa79860_0 .net "data_in", 7 0, L_0x5589baa7fa60;  1 drivers
v0x5589baa79940_0 .net "data_out", 7 0, L_0x5589baa80090;  1 drivers
v0x5589baa79a20 .array "mem", 0 15, 7 0;
v0x5589baa79ae0_0 .net "oa", 0 0, L_0x5589baa80fa0;  alias, 1 drivers
v0x5589baa79bb0_0 .net "wa", 0 0, L_0x5589baa80e70;  alias, 1 drivers
L_0x5589baa7f9c0 .functor MUXZ 8, o0x7fc9f7dd8b98, L_0x5589baa80090, L_0x5589baa80fa0, C4<>;
L_0x5589baa7fa60 .functor MUXZ 8, o0x7fc9f7dd8c88, RS_0x7fc9f7dd60a8, L_0x5589baa80e70, C4<>;
L_0x5589baa7fe60 .array/port v0x5589baa79a20, L_0x5589baa7ff30;
L_0x5589baa7ff30 .concat [ 4 2 0 0], v0x5589baa77750_0, L_0x7fc9f7d8d0a8;
L_0x5589baa80090 .functor MUXZ 8, o0x7fc9f7dd8c58, L_0x5589baa7fe60, L_0x5589baa7fd10, C4<>;
    .scope S_0x5589baa780f0;
T_0 ;
    %wait E_0x5589baa5e840;
    %load/vec4 v0x5589baa785c0_0;
    %flag_set/vec4 8;
    %jmp/0xz  T_0.0, 8;
    %pushi/vec4 0, 0, 4;
    %assign/vec4 v0x5589baa789e0_0, 0;
    %jmp T_0.1;
T_0.0 ;
    %load/vec4 v0x5589baa787a0_0;
    %flag_set/vec4 8;
    %jmp/0xz  T_0.2, 8;
    %load/vec4 v0x5589baa78660_0;
    %assign/vec4 v0x5589baa789e0_0, 0;
    %jmp T_0.3;
T_0.2 ;
    %load/vec4 v0x5589baa78700_0;
    %flag_set/vec4 8;
    %jmp/0xz  T_0.4, 8;
    %load/vec4 v0x5589baa789e0_0;
    %addi 1, 0, 4;
    %assign/vec4 v0x5589baa789e0_0, 0;
T_0.4 ;
T_0.3 ;
T_0.1 ;
    %jmp T_0;
    .thread T_0;
    .scope S_0x5589baa49cc0;
T_1 ;
    %wait E_0x5589baa5e840;
    %load/vec4 v0x5589baa31eb0_0;
    %cmpi/e 1, 0, 1;
    %jmp/0xz  T_1.0, 4;
    %pushi/vec4 0, 0, 8;
    %assign/vec4 v0x5589baa6c7d0_0, 0;
    %jmp T_1.1;
T_1.0 ;
    %load/vec4 v0x5589baa6c8b0_0;
    %cmpi/e 1, 0, 1;
    %jmp/0xz  T_1.2, 4;
    %load/vec4 v0x5589baa30ea0_0;
    %assign/vec4 v0x5589baa6c7d0_0, 0;
T_1.2 ;
T_1.1 ;
    %jmp T_1;
    .thread T_1;
    .scope S_0x5589baa742c0;
T_2 ;
    %wait E_0x5589baa5e840;
    %load/vec4 v0x5589baa746d0_0;
    %cmpi/e 1, 0, 1;
    %jmp/0xz  T_2.0, 4;
    %pushi/vec4 0, 0, 8;
    %assign/vec4 v0x5589baa749a0_0, 0;
    %jmp T_2.1;
T_2.0 ;
    %load/vec4 v0x5589baa74a60_0;
    %cmpi/e 1, 0, 1;
    %jmp/0xz  T_2.2, 4;
    %load/vec4 v0x5589baa74770_0;
    %assign/vec4 v0x5589baa749a0_0, 0;
T_2.2 ;
T_2.1 ;
    %jmp T_2;
    .thread T_2;
    .scope S_0x5589baa6ca30;
T_3 ;
    %wait E_0x5589baa5e840;
    %load/vec4 v0x5589baa73c70_0;
    %flag_set/vec4 8;
    %jmp/0xz  T_3.0, 8;
    %load/vec4 v0x5589baa73a90_0;
    %assign/vec4 v0x5589baa739d0_0, 0;
    %load/vec4 v0x5589baa73e90_0;
    %cmpi/e 0, 0, 8;
    %flag_mov 8, 4;
    %jmp/0 T_3.2, 8;
    %pushi/vec4 1, 0, 1;
    %jmp/1 T_3.3, 8;
T_3.2 ; End of true expr.
    %pushi/vec4 0, 0, 1;
    %jmp/0 T_3.3, 8;
 ; End of false expr.
    %blend;
T_3.3;
    %assign/vec4 v0x5589baa74090_0, 0;
T_3.0 ;
    %jmp T_3;
    .thread T_3;
    .scope S_0x5589baa770b0;
T_4 ;
    %wait E_0x5589baa5e840;
    %load/vec4 v0x5589baa77620_0;
    %flag_set/vec4 8;
    %jmp/0xz  T_4.0, 8;
    %pushi/vec4 0, 0, 4;
    %store/vec4 v0x5589baa77750_0, 0, 4;
    %jmp T_4.1;
T_4.0 ;
    %load/vec4 v0x5589baa77810_0;
    %flag_set/vec4 8;
    %jmp/0xz  T_4.2, 8;
    %load/vec4 v0x5589baa773e0_0;
    %store/vec4 v0x5589baa77750_0, 0, 4;
T_4.2 ;
T_4.1 ;
    %jmp T_4;
    .thread T_4;
    .scope S_0x5589baa78c50;
T_5 ;
    %wait E_0x5589baa5e840;
    %load/vec4 v0x5589baa797a0_0;
    %load/vec4 v0x5589baa79bb0_0;
    %and;
    %load/vec4 v0x5589baa79ae0_0;
    %inv;
    %and;
    %flag_set/vec4 8;
    %jmp/0xz  T_5.0, 8;
    %load/vec4 v0x5589baa79860_0;
    %load/vec4 v0x5589baa79510_0;
    %pad/u 6;
    %ix/vec4 4;
    %store/vec4a v0x5589baa79a20, 4, 0;
T_5.0 ;
    %jmp T_5;
    .thread T_5;
    .scope S_0x5589baa76620;
T_6 ;
    %wait E_0x5589baa5e840;
    %load/vec4 v0x5589baa76d00_0;
    %flag_set/vec4 8;
    %jmp/0xz  T_6.0, 8;
    %pushi/vec4 0, 0, 8;
    %store/vec4 v0x5589baa76e40_0, 0, 8;
    %jmp T_6.1;
T_6.0 ;
    %load/vec4 v0x5589baa76f00_0;
    %flag_set/vec4 8;
    %jmp/0xz  T_6.2, 8;
    %load/vec4 v0x5589baa76b50_0;
    %store/vec4 v0x5589baa76e40_0, 0, 8;
T_6.2 ;
T_6.1 ;
    %jmp T_6;
    .thread T_6;
    .scope S_0x5589baa77960;
T_7 ;
    %wait E_0x5589baa5e840;
    %load/vec4 v0x5589baa77d00_0;
    %flag_set/vec4 8;
    %jmp/0xz  T_7.0, 8;
    %pushi/vec4 0, 0, 8;
    %store/vec4 v0x5589baa77e70_0, 0, 8;
    %jmp T_7.1;
T_7.0 ;
    %load/vec4 v0x5589baa77fa0_0;
    %flag_set/vec4 8;
    %jmp/0xz  T_7.2, 8;
    %load/vec4 v0x5589baa77b60_0;
    %store/vec4 v0x5589baa77e70_0, 0, 8;
T_7.2 ;
T_7.1 ;
    %jmp T_7;
    .thread T_7;
    .scope S_0x5589baa75f50;
T_8 ;
    %wait E_0x5589baa761d0;
    %load/vec4 v0x5589baa76310_0;
    %flag_set/vec4 8;
    %jmp/0xz  T_8.0, 8;
    %pushi/vec4 0, 0, 3;
    %assign/vec4 v0x5589baa764c0_0, 0;
    %jmp T_8.1;
T_8.0 ;
    %load/vec4 v0x5589baa764c0_0;
    %addi 1, 0, 3;
    %assign/vec4 v0x5589baa764c0_0, 0;
T_8.1 ;
    %jmp T_8;
    .thread T_8;
    .scope S_0x5589baa75f50;
T_9 ;
    %wait E_0x5589baa5e8f0;
    %load/vec4 v0x5589baa764c0_0;
    %cmpi/e 5, 0, 3;
    %jmp/0xz  T_9.0, 4;
    %pushi/vec4 0, 0, 3;
    %assign/vec4 v0x5589baa764c0_0, 0;
T_9.0 ;
    %jmp T_9;
    .thread T_9, $push;
    .scope S_0x5589baa74bc0;
T_10 ;
    %wait E_0x5589ba9ef160;
    %load/vec4 v0x5589baa75520_0;
    %dup/vec4;
    %pushi/vec4 0, 483, 9;
    %cmp/z;
    %jmp/1 T_10.0, 4;
    %dup/vec4;
    %pushi/vec4 4, 483, 9;
    %cmp/z;
    %jmp/1 T_10.1, 4;
    %dup/vec4;
    %pushi/vec4 8, 3, 9;
    %cmp/z;
    %jmp/1 T_10.2, 4;
    %dup/vec4;
    %pushi/vec4 12, 3, 9;
    %cmp/z;
    %jmp/1 T_10.3, 4;
    %dup/vec4;
    %pushi/vec4 16, 3, 9;
    %cmp/z;
    %jmp/1 T_10.4, 4;
    %dup/vec4;
    %pushi/vec4 40, 3, 9;
    %cmp/z;
    %jmp/1 T_10.5, 4;
    %dup/vec4;
    %pushi/vec4 44, 3, 9;
    %cmp/z;
    %jmp/1 T_10.6, 4;
    %dup/vec4;
    %pushi/vec4 48, 3, 9;
    %cmp/z;
    %jmp/1 T_10.7, 4;
    %dup/vec4;
    %pushi/vec4 72, 3, 9;
    %cmp/z;
    %jmp/1 T_10.8, 4;
    %dup/vec4;
    %pushi/vec4 76, 3, 9;
    %cmp/z;
    %jmp/1 T_10.9, 4;
    %dup/vec4;
    %pushi/vec4 80, 3, 9;
    %cmp/z;
    %jmp/1 T_10.10, 4;
    %dup/vec4;
    %pushi/vec4 104, 3, 9;
    %cmp/z;
    %jmp/1 T_10.11, 4;
    %dup/vec4;
    %pushi/vec4 108, 3, 9;
    %cmp/z;
    %jmp/1 T_10.12, 4;
    %dup/vec4;
    %pushi/vec4 112, 3, 9;
    %cmp/z;
    %jmp/1 T_10.13, 4;
    %dup/vec4;
    %pushi/vec4 136, 3, 9;
    %cmp/z;
    %jmp/1 T_10.14, 4;
    %dup/vec4;
    %pushi/vec4 140, 3, 9;
    %cmp/z;
    %jmp/1 T_10.15, 4;
    %dup/vec4;
    %pushi/vec4 144, 3, 9;
    %cmp/z;
    %jmp/1 T_10.16, 4;
    %dup/vec4;
    %pushi/vec4 168, 3, 9;
    %cmp/z;
    %jmp/1 T_10.17, 4;
    %dup/vec4;
    %pushi/vec4 172, 3, 9;
    %cmp/z;
    %jmp/1 T_10.18, 4;
    %dup/vec4;
    %pushi/vec4 176, 3, 9;
    %cmp/z;
    %jmp/1 T_10.19, 4;
    %dup/vec4;
    %pushi/vec4 200, 3, 9;
    %cmp/z;
    %jmp/1 T_10.20, 4;
    %dup/vec4;
    %pushi/vec4 204, 3, 9;
    %cmp/z;
    %jmp/1 T_10.21, 4;
    %dup/vec4;
    %pushi/vec4 208, 3, 9;
    %cmp/z;
    %jmp/1 T_10.22, 4;
    %dup/vec4;
    %pushi/vec4 232, 1, 9;
    %cmp/z;
    %jmp/1 T_10.23, 4;
    %dup/vec4;
    %pushi/vec4 234, 1, 9;
    %cmp/z;
    %jmp/1 T_10.24, 4;
    %dup/vec4;
    %pushi/vec4 236, 3, 9;
    %cmp/z;
    %jmp/1 T_10.25, 4;
    %dup/vec4;
    %pushi/vec4 240, 3, 9;
    %cmp/z;
    %jmp/1 T_10.26, 4;
    %dup/vec4;
    %pushi/vec4 264, 2, 9;
    %cmp/z;
    %jmp/1 T_10.27, 4;
    %dup/vec4;
    %pushi/vec4 265, 2, 9;
    %cmp/z;
    %jmp/1 T_10.28, 4;
    %dup/vec4;
    %pushi/vec4 268, 3, 9;
    %cmp/z;
    %jmp/1 T_10.29, 4;
    %dup/vec4;
    %pushi/vec4 272, 3, 9;
    %cmp/z;
    %jmp/1 T_10.30, 4;
    %dup/vec4;
    %pushi/vec4 456, 3, 9;
    %cmp/z;
    %jmp/1 T_10.31, 4;
    %dup/vec4;
    %pushi/vec4 460, 3, 9;
    %cmp/z;
    %jmp/1 T_10.32, 4;
    %dup/vec4;
    %pushi/vec4 464, 3, 9;
    %cmp/z;
    %jmp/1 T_10.33, 4;
    %dup/vec4;
    %pushi/vec4 480, 31, 9;
    %cmp/z;
    %jmp/1 T_10.34, 4;
    %pushi/vec4 65535, 65535, 16;
    %assign/vec4 v0x5589baa751b0_0, 0;
    %jmp T_10.36;
T_10.0 ;
    %pushi/vec4 16388, 0, 16;
    %assign/vec4 v0x5589baa751b0_0, 0;
    %jmp T_10.36;
T_10.1 ;
    %pushi/vec4 5128, 0, 16;
    %assign/vec4 v0x5589baa751b0_0, 0;
    %jmp T_10.36;
T_10.2 ;
    %pushi/vec4 0, 0, 16;
    %assign/vec4 v0x5589baa751b0_0, 0;
    %jmp T_10.36;
T_10.3 ;
    %pushi/vec4 0, 0, 16;
    %assign/vec4 v0x5589baa751b0_0, 0;
    %jmp T_10.36;
T_10.4 ;
    %pushi/vec4 0, 0, 16;
    %assign/vec4 v0x5589baa751b0_0, 0;
    %jmp T_10.36;
T_10.5 ;
    %pushi/vec4 18432, 0, 16;
    %assign/vec4 v0x5589baa751b0_0, 0;
    %jmp T_10.36;
T_10.6 ;
    %pushi/vec4 4608, 0, 16;
    %assign/vec4 v0x5589baa751b0_0, 0;
    %jmp T_10.36;
T_10.7 ;
    %pushi/vec4 0, 0, 16;
    %assign/vec4 v0x5589baa751b0_0, 0;
    %jmp T_10.36;
T_10.8 ;
    %pushi/vec4 18432, 0, 16;
    %assign/vec4 v0x5589baa751b0_0, 0;
    %jmp T_10.36;
T_10.9 ;
    %pushi/vec4 4128, 0, 16;
    %assign/vec4 v0x5589baa751b0_0, 0;
    %jmp T_10.36;
T_10.10 ;
    %pushi/vec4 641, 0, 16;
    %assign/vec4 v0x5589baa751b0_0, 0;
    %jmp T_10.36;
T_10.11 ;
    %pushi/vec4 18432, 0, 16;
    %assign/vec4 v0x5589baa751b0_0, 0;
    %jmp T_10.36;
T_10.12 ;
    %pushi/vec4 4128, 0, 16;
    %assign/vec4 v0x5589baa751b0_0, 0;
    %jmp T_10.36;
T_10.13 ;
    %pushi/vec4 705, 0, 16;
    %assign/vec4 v0x5589baa751b0_0, 0;
    %jmp T_10.36;
T_10.14 ;
    %pushi/vec4 18432, 0, 16;
    %assign/vec4 v0x5589baa751b0_0, 0;
    %jmp T_10.36;
T_10.15 ;
    %pushi/vec4 8448, 0, 16;
    %assign/vec4 v0x5589baa751b0_0, 0;
    %jmp T_10.36;
T_10.16 ;
    %pushi/vec4 0, 0, 16;
    %assign/vec4 v0x5589baa751b0_0, 0;
    %jmp T_10.36;
T_10.17 ;
    %pushi/vec4 2560, 0, 16;
    %assign/vec4 v0x5589baa751b0_0, 0;
    %jmp T_10.36;
T_10.18 ;
    %pushi/vec4 0, 0, 16;
    %assign/vec4 v0x5589baa751b0_0, 0;
    %jmp T_10.36;
T_10.19 ;
    %pushi/vec4 0, 0, 16;
    %assign/vec4 v0x5589baa751b0_0, 0;
    %jmp T_10.36;
T_10.20 ;
    %pushi/vec4 2050, 0, 16;
    %assign/vec4 v0x5589baa751b0_0, 0;
    %jmp T_10.36;
T_10.21 ;
    %pushi/vec4 0, 0, 16;
    %assign/vec4 v0x5589baa751b0_0, 0;
    %jmp T_10.36;
T_10.22 ;
    %pushi/vec4 0, 0, 16;
    %assign/vec4 v0x5589baa751b0_0, 0;
    %jmp T_10.36;
T_10.23 ;
    %pushi/vec4 0, 0, 16;
    %assign/vec4 v0x5589baa751b0_0, 0;
    %jmp T_10.36;
T_10.24 ;
    %pushi/vec4 2050, 0, 16;
    %assign/vec4 v0x5589baa751b0_0, 0;
    %jmp T_10.36;
T_10.25 ;
    %pushi/vec4 0, 0, 16;
    %assign/vec4 v0x5589baa751b0_0, 0;
    %jmp T_10.36;
T_10.26 ;
    %pushi/vec4 0, 0, 16;
    %assign/vec4 v0x5589baa751b0_0, 0;
    %jmp T_10.36;
T_10.27 ;
    %pushi/vec4 0, 0, 16;
    %assign/vec4 v0x5589baa751b0_0, 0;
    %jmp T_10.36;
T_10.28 ;
    %pushi/vec4 2050, 0, 16;
    %assign/vec4 v0x5589baa751b0_0, 0;
    %jmp T_10.36;
T_10.29 ;
    %pushi/vec4 0, 0, 16;
    %assign/vec4 v0x5589baa751b0_0, 0;
    %jmp T_10.36;
T_10.30 ;
    %pushi/vec4 0, 0, 16;
    %assign/vec4 v0x5589baa751b0_0, 0;
    %jmp T_10.36;
T_10.31 ;
    %pushi/vec4 272, 0, 16;
    %assign/vec4 v0x5589baa751b0_0, 0;
    %jmp T_10.36;
T_10.32 ;
    %pushi/vec4 0, 0, 16;
    %assign/vec4 v0x5589baa751b0_0, 0;
    %jmp T_10.36;
T_10.33 ;
    %pushi/vec4 0, 0, 16;
    %assign/vec4 v0x5589baa751b0_0, 0;
    %jmp T_10.36;
T_10.34 ;
    %vpi_call 7 92 "$finish" {0 0 0};
    %jmp T_10.36;
T_10.36 ;
    %pop/vec4 1;
    %jmp T_10;
    .thread T_10, $push;
    .scope S_0x5589baa486c0;
T_11 ;
    %pushi/vec4 0, 0, 1;
    %assign/vec4 v0x5589baa7a790_0, 0;
    %end;
    .thread T_11;
    .scope S_0x5589baa486c0;
T_12 ;
    %delay 20, 0;
    %load/vec4 v0x5589baa7ac10_0;
    %inv;
    %flag_set/vec4 8;
    %jmp/0xz  T_12.0, 8;
    %load/vec4 v0x5589baa7a790_0;
    %inv;
    %store/vec4 v0x5589baa7a790_0, 0, 1;
T_12.0 ;
    %jmp T_12;
    .thread T_12;
    .scope S_0x5589baa486c0;
T_13 ;
    %pushi/vec4 0, 0, 1;
    %assign/vec4 v0x5589baa7a5b0_0, 0;
    %end;
    .thread T_13;
    .scope S_0x5589baa486c0;
T_14 ;
    %pushi/vec4 1, 0, 1;
    %assign/vec4 v0x5589baa7b4f0_0, 0;
    %end;
    .thread T_14;
    .scope S_0x5589baa486c0;
T_15 ;
    %wait E_0x5589ba9efd70;
    %vpi_call 3 60 "$display", "#" {0 0 0};
    %jmp T_15;
    .thread T_15;
    .scope S_0x5589baa486c0;
T_16 ;
    %wait E_0x5589baa5e840;
    %load/vec4 v0x5589baa6c8b0_0;
    %flag_set/vec4 8;
    %jmp/0xz  T_16.0, 8;
    %vpi_call 3 67 "$display", "aReg r %h", v0x5589baa30ea0_0 {0 0 0};
    %jmp T_16.1;
T_16.0 ;
    %load/vec4 v0x5589baa2f180_0;
    %flag_set/vec4 8;
    %jmp/0xz  T_16.2, 8;
    %vpi_call 3 70 "$display", "aReg w %h", v0x5589baa6c7d0_0 {0 0 0};
T_16.2 ;
T_16.1 ;
    %jmp T_16;
    .thread T_16;
    .scope S_0x5589baa486c0;
T_17 ;
    %wait E_0x5589baa5e840;
    %load/vec4 v0x5589baa74a60_0;
    %flag_set/vec4 8;
    %jmp/0xz  T_17.0, 8;
    %vpi_call 3 77 "$display", "bReg r %h", v0x5589baa74770_0 {0 0 0};
    %jmp T_17.1;
T_17.0 ;
    %load/vec4 v0x5589baa74900_0;
    %flag_set/vec4 8;
    %jmp/0xz  T_17.2, 8;
    %vpi_call 3 80 "$display", "bReg w %h", v0x5589baa749a0_0 {0 0 0};
T_17.2 ;
T_17.1 ;
    %jmp T_17;
    .thread T_17;
    .scope S_0x5589baa486c0;
T_18 ;
    %wait E_0x5589baa5e840;
    %load/vec4 v0x5589baa77fa0_0;
    %flag_set/vec4 8;
    %jmp/0xz  T_18.0, 8;
    %vpi_call 3 87 "$display", "outReg r %h", v0x5589baa77b60_0 {0 0 0};
T_18.0 ;
    %jmp T_18;
    .thread T_18;
    .scope S_0x5589baa486c0;
T_19 ;
    %wait E_0x5589baa5e840;
    %load/vec4 v0x5589baa78700_0;
    %flag_set/vec4 8;
    %jmp/0xz  T_19.0, 8;
    %load/vec4 v0x5589baa789e0_0;
    %addi 1, 0, 4;
    %vpi_call 3 94 "$display", "pc r %b", S<0,vec4,u4> {1 0 0};
    %jmp T_19.1;
T_19.0 ;
    %load/vec4 v0x5589baa787a0_0;
    %flag_set/vec4 8;
    %jmp/0xz  T_19.2, 8;
    %vpi_call 3 97 "$display", "pc r %b", v0x5589baa78660_0 {0 0 0};
    %jmp T_19.3;
T_19.2 ;
    %load/vec4 v0x5589baa78870_0;
    %flag_set/vec4 8;
    %jmp/0xz  T_19.4, 8;
    %vpi_call 3 100 "$display", "pc w %b", v0x5589baa789e0_0 {0 0 0};
T_19.4 ;
T_19.3 ;
T_19.1 ;
    %jmp T_19;
    .thread T_19;
    .scope S_0x5589baa486c0;
T_20 ;
    %wait E_0x5589baa5e840;
    %load/vec4 v0x5589baa77810_0;
    %flag_set/vec4 8;
    %jmp/0xz  T_20.0, 8;
    %vpi_call 3 107 "$display", "mar r %h", v0x5589baa773e0_0 {0 0 0};
T_20.0 ;
    %jmp T_20;
    .thread T_20;
    .scope S_0x5589baa486c0;
T_21 ;
    %wait E_0x5589baa5e840;
    %load/vec4 v0x5589baa76f00_0;
    %flag_set/vec4 8;
    %jmp/0xz  T_21.0, 8;
    %vpi_call 3 114 "$display", "instReg r %h", v0x5589baa76b50_0 {0 0 0};
    %jmp T_21.1;
T_21.0 ;
    %load/vec4 v0x5589baa76da0_0;
    %flag_set/vec4 8;
    %jmp/0xz  T_21.2, 8;
    %vpi_call 3 117 "$display", "instReg w %h", v0x5589baa76e40_0 {0 0 0};
T_21.2 ;
T_21.1 ;
    %jmp T_21;
    .thread T_21;
    .scope S_0x5589baa486c0;
T_22 ;
    %wait E_0x5589baa5e840;
    %load/vec4 v0x5589baa79bb0_0;
    %flag_set/vec4 8;
    %jmp/0xz  T_22.0, 8;
    %vpi_call 3 124 "$display", "ram r [%h] %h", v0x5589baa79510_0, v0x5589baa795d0_0 {0 0 0};
    %jmp T_22.1;
T_22.0 ;
    %load/vec4 v0x5589baa79ae0_0;
    %flag_set/vec4 8;
    %jmp/0xz  T_22.2, 8;
    %vpi_call 3 127 "$display", "ram w [%h] %h", v0x5589baa79510_0, v0x5589baa795d0_0 {0 0 0};
T_22.2 ;
T_22.1 ;
    %jmp T_22;
    .thread T_22;
    .scope S_0x5589baa486c0;
T_23 ;
    %wait E_0x5589baa5e840;
    %load/vec4 v0x5589baa73ff0_0;
    %flag_set/vec4 8;
    %jmp/0xz  T_23.0, 8;
    %vpi_call 3 134 "$display", "alu res:%h sub:%b cf:%b zf:%b", v0x5589baa73d10_0, v0x5589baa73dd0_0, v0x5589baa739d0_0, v0x5589baa74090_0 {0 0 0};
    %jmp T_23.1;
T_23.0 ;
    %load/vec4 v0x5589baa73c70_0;
    %flag_set/vec4 8;
    %jmp/0xz  T_23.2, 8;
    %vpi_call 3 137 "$display", "alu res:%h sub:%b cf:%b zf:%b", v0x5589baa73d10_0, v0x5589baa73dd0_0, v0x5589baa739d0_0, v0x5589baa74090_0 {0 0 0};
T_23.2 ;
T_23.1 ;
    %jmp T_23;
    .thread T_23;
    .scope S_0x5589baa47eb0;
T_24 ;
    %pushi/vec4 1, 0, 1;
    %assign/vec4 v0x5589baa7a940_0, 0;
    %delay 40, 0;
    %pushi/vec4 0, 0, 1;
    %assign/vec4 v0x5589baa7a940_0, 0;
    %pushi/vec4 47, 0, 8;
    %ix/load 3, 0, 0;
    %flag_set/imm 4, 0;
    %ix/load 4, 0, 0; Constant delay
    %assign/vec4/a/d v0x5589baa79a20, 0, 4;
    %pushi/vec4 58, 0, 8;
    %ix/load 3, 1, 0;
    %flag_set/imm 4, 0;
    %ix/load 4, 0, 0; Constant delay
    %assign/vec4/a/d v0x5589baa79a20, 0, 4;
    %end;
    .thread T_24;
    .scope S_0x5589baa47eb0;
T_25 ;
    %delay 2000, 0;
    %vpi_call 2 17 "$finish" {0 0 0};
    %end;
    .thread T_25;
# The file index is used to find the file name in the following table.
:file_names 13;
    "N/A";
    "<interactive>";
    "simpleComputer/program.v";
    "simpleComputer/board.v";
    "simpleComputer/GPR.v";
    "simpleComputer/alu.v";
    "simpleComputer/adder.v";
    "simpleComputer/controlunit.v";
    "simpleComputer/instructionreg.v";
    "simpleComputer/memaddreg.v";
    "simpleComputer/outputRegister.v";
    "simpleComputer/programcounter.v";
    "simpleComputer/ram.v";
